2026-01-03 00:57:49,940 - /home/runner/work/sky-auto/sky-auto/main.py [line:46] - INFO: 发现新数据https://m.ds.163.com/article/694c8633bf5d676d0fc494f0/插入成功！
2026-01-03 00:57:49,941 - /home/runner/work/sky-auto/sky-auto/api_web.py [line:155] - INFO: 2026-01-03 光遇每日任务标题 保存成功!
2026-01-03 00:57:51,441 - /home/runner/work/sky-auto/sky-auto/main.py [line:46] - INFO: 发现新数据https://m.ds.163.com/article/694de3b81c7e777c119eb30e/插入成功！
2026-01-03 00:57:51,441 - /home/runner/work/sky-auto/sky-auto/api_web.py [line:155] - INFO: 2026-01-03 光遇每日任务标题 保存成功!
2026-01-03 00:57:52,821 - /home/runner/work/sky-auto/sky-auto/main.py [line:46] - INFO: 发现新数据https://m.ds.163.com/article/694f42e1a3412177a030a2dc/插入成功！
2026-01-03 00:57:52,821 - /home/runner/work/sky-auto/sky-auto/api_web.py [line:155] - INFO: 2026-01-03 光遇每日任务标题 保存成功!
2026-01-03 00:57:54,366 - /home/runner/work/sky-auto/sky-auto/main.py [line:46] - INFO: 发现新数据https://m.ds.163.com/article/69501ec2bf5d676d0fd0ad92/插入成功！
2026-01-03 00:57:54,367 - /home/runner/work/sky-auto/sky-auto/api_web.py [line:155] - INFO: 2026-01-03 光遇每日任务标题 保存成功!
2026-01-03 00:57:56,057 - /home/runner/work/sky-auto/sky-auto/main.py [line:46] - INFO: 发现新数据https://m.ds.163.com/article/69515e215afb1104e7985588/插入成功！
2026-01-03 00:57:56,057 - /home/runner/work/sky-auto/sky-auto/api_web.py [line:155] - INFO: 2026-01-03 光遇每日任务标题 保存成功!
2026-01-03 00:57:57,716 - /home/runner/work/sky-auto/sky-auto/main.py [line:46] - INFO: 发现新数据https://m.ds.163.com/article/6952bdfd980810701957bc0d/插入成功！
2026-01-03 00:57:57,716 - /home/runner/work/sky-auto/sky-auto/api_web.py [line:155] - INFO: 2026-01-03 光遇每日任务标题 保存成功!
2026-01-03 00:57:59,563 - /home/runner/work/sky-auto/sky-auto/main.py [line:46] - INFO: 发现新数据https://m.ds.163.com/article/695408c298ec0d71d7a2ecdc/插入成功！
2026-01-03 00:57:59,563 - /home/runner/work/sky-auto/sky-auto/api_web.py [line:155] - INFO: 2026-01-03 光遇每日任务标题 保存成功!
2026-01-03 00:58:01,333 - /home/runner/work/sky-auto/sky-auto/main.py [line:46] - INFO: 发现新数据https://m.ds.163.com/article/69555c80b5ee0e5bd8851a97/插入成功！
2026-01-03 00:58:01,334 - /home/runner/work/sky-auto/sky-auto/api_web.py [line:155] - INFO: 2026-01-03 光遇每日任务标题 保存成功!
2026-01-03 00:58:02,786 - /home/runner/work/sky-auto/sky-auto/main.py [line:46] - INFO: 发现新数据https://m.ds.163.com/article/6956b3c938333e476f96c3a1/插入成功！
2026-01-03 00:58:02,786 - /home/runner/work/sky-auto/sky-auto/api_web.py [line:155] - INFO: 2026-01-03 光遇每日任务标题 保存成功!
2026-01-03 00:58:02,786 - /home/runner/work/sky-auto/sky-auto/main.py [line:84] - INFO: 处理完成! 新数据条数:9
2026-01-03 07:29:29,287 - /home/runner/work/sky-auto/sky-auto/main.py [line:52] - INFO: 爬取开始ing......
2026-01-03 07:29:30,744 - /home/runner/work/sky-auto/sky-auto/main.py [line:62] - INFO: 共获取到9条链接.
2026-01-03 07:29:31,967 - /home/runner/work/sky-auto/sky-auto/main.py [line:46] - INFO: 发现新数据https://m.ds.163.com/article/694de3b81c7e777c119eb30e/插入成功！
2026-01-03 07:29:31,967 - /home/runner/work/sky-auto/sky-auto/api_web.py [line:155] - INFO: 2026-01-03 光遇每日任务标题 保存成功!
2026-01-03 07:29:33,323 - /home/runner/work/sky-auto/sky-auto/main.py [line:46] - INFO: 发现新数据https://m.ds.163.com/article/694f42e1a3412177a030a2dc/插入成功！
2026-01-03 07:29:33,324 - /home/runner/work/sky-auto/sky-auto/api_web.py [line:155] - INFO: 2026-01-03 光遇每日任务标题 保存成功!
2026-01-03 07:29:34,642 - /home/runner/work/sky-auto/sky-auto/main.py [line:46] - INFO: 发现新数据https://m.ds.163.com/article/69501ec2bf5d676d0fd0ad92/插入成功！
2026-01-03 07:29:34,642 - /home/runner/work/sky-auto/sky-auto/api_web.py [line:155] - INFO: 2026-01-03 光遇每日任务标题 保存成功!
2026-01-03 07:29:35,948 - /home/runner/work/sky-auto/sky-auto/main.py [line:46] - INFO: 发现新数据https://m.ds.163.com/article/69515e215afb1104e7985588/插入成功！
2026-01-03 07:29:35,948 - /home/runner/work/sky-auto/sky-auto/api_web.py [line:155] - INFO: 2026-01-03 光遇每日任务标题 保存成功!
2026-01-03 07:29:37,180 - /home/runner/work/sky-auto/sky-auto/main.py [line:46] - INFO: 发现新数据https://m.ds.163.com/article/6952bdfd980810701957bc0d/插入成功！
2026-01-03 07:29:37,180 - /home/runner/work/sky-auto/sky-auto/api_web.py [line:155] - INFO: 2026-01-03 光遇每日任务标题 保存成功!
2026-01-03 07:29:38,364 - /home/runner/work/sky-auto/sky-auto/main.py [line:46] - INFO: 发现新数据https://m.ds.163.com/article/695408c298ec0d71d7a2ecdc/插入成功！
2026-01-03 07:29:38,365 - /home/runner/work/sky-auto/sky-auto/api_web.py [line:155] - INFO: 2026-01-03 光遇每日任务标题 保存成功!
2026-01-03 07:29:39,557 - /home/runner/work/sky-auto/sky-auto/main.py [line:46] - INFO: 发现新数据https://m.ds.163.com/article/69555c80b5ee0e5bd8851a97/插入成功！
2026-01-03 07:29:39,558 - /home/runner/work/sky-auto/sky-auto/api_web.py [line:155] - INFO: 2026-01-03 光遇每日任务标题 保存成功!
2026-01-03 07:29:40,795 - /home/runner/work/sky-auto/sky-auto/main.py [line:46] - INFO: 发现新数据https://m.ds.163.com/article/6956b3c938333e476f96c3a1/插入成功！
2026-01-03 07:29:40,796 - /home/runner/work/sky-auto/sky-auto/api_web.py [line:155] - INFO: 2026-01-03 光遇每日任务标题 保存成功!
2026-01-03 07:29:42,836 - /home/runner/work/sky-auto/sky-auto/main.py [line:46] - INFO: 发现新数据https://m.ds.163.com/article/6957faf938333e476f9a5730/插入成功！
2026-01-03 07:29:42,837 - /home/runner/work/sky-auto/sky-auto/api_web.py [line:155] - INFO: 2026-01-03 光遇每日任务标题 保存成功!
2026-01-03 07:29:42,837 - /home/runner/work/sky-auto/sky-auto/main.py [line:84] - INFO: 处理完成! 新数据条数:9
2026-01-03 07:44:35,206 - /home/runner/work/sky-auto/sky-auto/main.py [line:52] - INFO: 爬取开始ing......
2026-01-03 07:44:36,942 - /home/runner/work/sky-auto/sky-auto/main.py [line:62] - INFO: 共获取到9条链接.
2026-01-03 07:44:38,842 - /home/runner/work/sky-auto/sky-auto/main.py [line:46] - INFO: 发现新数据https://m.ds.163.com/article/694de3b81c7e777c119eb30e/插入成功！
2026-01-03 07:44:38,842 - /home/runner/work/sky-auto/sky-auto/api_web.py [line:155] - INFO: 2026-01-03 光遇每日任务标题 保存成功!
2026-01-03 07:44:40,422 - /home/runner/work/sky-auto/sky-auto/main.py [line:46] - INFO: 发现新数据https://m.ds.163.com/article/694f42e1a3412177a030a2dc/插入成功！
2026-01-03 07:44:40,423 - /home/runner/work/sky-auto/sky-auto/api_web.py [line:155] - INFO: 2026-01-03 光遇每日任务标题 保存成功!
2026-01-03 07:44:42,012 - /home/runner/work/sky-auto/sky-auto/main.py [line:46] - INFO: 发现新数据https://m.ds.163.com/article/69501ec2bf5d676d0fd0ad92/插入成功！
2026-01-03 07:44:42,013 - /home/runner/work/sky-auto/sky-auto/api_web.py [line:155] - INFO: 2026-01-03 光遇每日任务标题 保存成功!
2026-01-03 07:44:43,735 - /home/runner/work/sky-auto/sky-auto/main.py [line:46] - INFO: 发现新数据https://m.ds.163.com/article/69515e215afb1104e7985588/插入成功！
2026-01-03 07:44:43,735 - /home/runner/work/sky-auto/sky-auto/api_web.py [line:155] - INFO: 2026-01-03 光遇每日任务标题 保存成功!
2026-01-03 07:44:45,305 - /home/runner/work/sky-auto/sky-auto/main.py [line:46] - INFO: 发现新数据https://m.ds.163.com/article/6952bdfd980810701957bc0d/插入成功！
2026-01-03 07:44:45,305 - /home/runner/work/sky-auto/sky-auto/api_web.py [line:155] - INFO: 2026-01-03 光遇每日任务标题 保存成功!
2026-01-03 07:44:46,984 - /home/runner/work/sky-auto/sky-auto/main.py [line:46] - INFO: 发现新数据https://m.ds.163.com/article/695408c298ec0d71d7a2ecdc/插入成功！
2026-01-03 07:44:46,985 - /home/runner/work/sky-auto/sky-auto/api_web.py [line:155] - INFO: 2026-01-03 光遇每日任务标题 保存成功!
2026-01-03 07:44:48,561 - /home/runner/work/sky-auto/sky-auto/main.py [line:46] - INFO: 发现新数据https://m.ds.163.com/article/69555c80b5ee0e5bd8851a97/插入成功！
2026-01-03 07:44:48,561 - /home/runner/work/sky-auto/sky-auto/api_web.py [line:155] - INFO: 2026-01-03 光遇每日任务标题 保存成功!
2026-01-03 07:44:50,145 - /home/runner/work/sky-auto/sky-auto/main.py [line:46] - INFO: 发现新数据https://m.ds.163.com/article/6956b3c938333e476f96c3a1/插入成功！
2026-01-03 07:44:50,146 - /home/runner/work/sky-auto/sky-auto/api_web.py [line:155] - INFO: 2026-01-03 光遇每日任务标题 保存成功!
2026-01-03 07:44:52,546 - /home/runner/work/sky-auto/sky-auto/main.py [line:46] - INFO: 发现新数据https://m.ds.163.com/article/6957faf938333e476f9a5730/插入成功！
2026-01-03 07:44:52,546 - /home/runner/work/sky-auto/sky-auto/api_web.py [line:155] - INFO: 2026-01-03 光遇每日任务标题 保存成功!
2026-01-03 07:44:52,546 - /home/runner/work/sky-auto/sky-auto/main.py [line:84] - INFO: 处理完成! 新数据条数:9
2026-01-03 13:35:26,444 - /home/runner/work/sky-auto/sky-auto/main.py [line:52] - INFO: 爬取开始ing......
2026-01-03 13:35:28,230 - /home/runner/work/sky-auto/sky-auto/main.py [line:62] - INFO: 共获取到9条链接.
2026-01-03 13:35:29,890 - /home/runner/work/sky-auto/sky-auto/main.py [line:46] - INFO: 发现新数据https://m.ds.163.com/article/694de3b81c7e777c119eb30e/插入成功！
2026-01-03 13:35:29,891 - /home/runner/work/sky-auto/sky-auto/api_web.py [line:155] - INFO: 2026-01-03 光遇每日任务标题 保存成功!
2026-01-03 13:35:31,555 - /home/runner/work/sky-auto/sky-auto/main.py [line:46] - INFO: 发现新数据https://m.ds.163.com/article/694f42e1a3412177a030a2dc/插入成功！
2026-01-03 13:35:31,555 - /home/runner/work/sky-auto/sky-auto/api_web.py [line:155] - INFO: 2026-01-03 光遇每日任务标题 保存成功!
2026-01-03 13:35:33,092 - /home/runner/work/sky-auto/sky-auto/main.py [line:46] - INFO: 发现新数据https://m.ds.163.com/article/69501ec2bf5d676d0fd0ad92/插入成功！
2026-01-03 13:35:33,093 - /home/runner/work/sky-auto/sky-auto/api_web.py [line:155] - INFO: 2026-01-03 光遇每日任务标题 保存成功!
2026-01-03 13:35:34,520 - /home/runner/work/sky-auto/sky-auto/main.py [line:46] - INFO: 发现新数据https://m.ds.163.com/article/69515e215afb1104e7985588/插入成功！
2026-01-03 13:35:34,520 - /home/runner/work/sky-auto/sky-auto/api_web.py [line:155] - INFO: 2026-01-03 光遇每日任务标题 保存成功!
2026-01-03 13:35:35,944 - /home/runner/work/sky-auto/sky-auto/main.py [line:46] - INFO: 发现新数据https://m.ds.163.com/article/6952bdfd980810701957bc0d/插入成功！
2026-01-03 13:35:35,944 - /home/runner/work/sky-auto/sky-auto/api_web.py [line:155] - INFO: 2026-01-03 光遇每日任务标题 保存成功!
2026-01-03 13:35:37,332 - /home/runner/work/sky-auto/sky-auto/main.py [line:46] - INFO: 发现新数据https://m.ds.163.com/article/695408c298ec0d71d7a2ecdc/插入成功！
2026-01-03 13:35:37,333 - /home/runner/work/sky-auto/sky-auto/api_web.py [line:155] - INFO: 2026-01-03 光遇每日任务标题 保存成功!
2026-01-03 13:35:38,995 - /home/runner/work/sky-auto/sky-auto/main.py [line:46] - INFO: 发现新数据https://m.ds.163.com/article/69555c80b5ee0e5bd8851a97/插入成功！
2026-01-03 13:35:38,996 - /home/runner/work/sky-auto/sky-auto/api_web.py [line:155] - INFO: 2026-01-03 光遇每日任务标题 保存成功!
2026-01-03 13:35:40,598 - /home/runner/work/sky-auto/sky-auto/main.py [line:46] - INFO: 发现新数据https://m.ds.163.com/article/6956b3c938333e476f96c3a1/插入成功！
2026-01-03 13:35:40,598 - /home/runner/work/sky-auto/sky-auto/api_web.py [line:155] - INFO: 2026-01-03 光遇每日任务标题 保存成功!
2026-01-03 13:35:42,084 - /home/runner/work/sky-auto/sky-auto/main.py [line:46] - INFO: 发现新数据https://m.ds.163.com/article/6957faf938333e476f9a5730/插入成功！
2026-01-03 13:35:42,085 - /home/runner/work/sky-auto/sky-auto/api_web.py [line:155] - INFO: 2026-01-03 光遇每日任务标题 保存成功!
2026-01-03 13:35:42,085 - /home/runner/work/sky-auto/sky-auto/main.py [line:84] - INFO: 处理完成! 新数据条数:9
2026-01-03 13:51:30,981 - /home/runner/work/sky-auto/sky-auto/main.py [line:52] - INFO: 爬取开始ing......
2026-01-03 13:51:33,213 - /home/runner/work/sky-auto/sky-auto/main.py [line:62] - INFO: 共获取到9条链接.
2026-01-03 13:51:34,896 - /home/runner/work/sky-auto/sky-auto/main.py [line:46] - INFO: 发现新数据https://m.ds.163.com/article/694de3b81c7e777c119eb30e/插入成功！
2026-01-03 13:51:34,896 - /home/runner/work/sky-auto/sky-auto/api_web.py [line:155] - INFO: 2026-01-03 光遇每日任务标题 保存成功!
2026-01-03 13:51:36,588 - /home/runner/work/sky-auto/sky-auto/main.py [line:46] - INFO: 发现新数据https://m.ds.163.com/article/694f42e1a3412177a030a2dc/插入成功！
2026-01-03 13:51:36,589 - /home/runner/work/sky-auto/sky-auto/api_web.py [line:155] - INFO: 2026-01-03 光遇每日任务标题 保存成功!
2026-01-03 13:51:38,170 - /home/runner/work/sky-auto/sky-auto/main.py [line:46] - INFO: 发现新数据https://m.ds.163.com/article/69501ec2bf5d676d0fd0ad92/插入成功！
2026-01-03 13:51:38,170 - /home/runner/work/sky-auto/sky-auto/api_web.py [line:155] - INFO: 2026-01-03 光遇每日任务标题 保存成功!
2026-01-03 13:51:39,760 - /home/runner/work/sky-auto/sky-auto/main.py [line:46] - INFO: 发现新数据https://m.ds.163.com/article/69515e215afb1104e7985588/插入成功！
2026-01-03 13:51:39,761 - /home/runner/work/sky-auto/sky-auto/api_web.py [line:155] - INFO: 2026-01-03 光遇每日任务标题 保存成功!
2026-01-03 13:51:41,311 - /home/runner/work/sky-auto/sky-auto/main.py [line:46] - INFO: 发现新数据https://m.ds.163.com/article/6952bdfd980810701957bc0d/插入成功！
2026-01-03 13:51:41,312 - /home/runner/work/sky-auto/sky-auto/api_web.py [line:155] - INFO: 2026-01-03 光遇每日任务标题 保存成功!
2026-01-03 13:51:42,920 - /home/runner/work/sky-auto/sky-auto/main.py [line:46] - INFO: 发现新数据https://m.ds.163.com/article/695408c298ec0d71d7a2ecdc/插入成功！
2026-01-03 13:51:42,920 - /home/runner/work/sky-auto/sky-auto/api_web.py [line:155] - INFO: 2026-01-03 光遇每日任务标题 保存成功!
2026-01-03 13:51:44,617 - /home/runner/work/sky-auto/sky-auto/main.py [line:46] - INFO: 发现新数据https://m.ds.163.com/article/69555c80b5ee0e5bd8851a97/插入成功！
2026-01-03 13:51:44,618 - /home/runner/work/sky-auto/sky-auto/api_web.py [line:155] - INFO: 2026-01-03 光遇每日任务标题 保存成功!
2026-01-03 13:51:46,276 - /home/runner/work/sky-auto/sky-auto/main.py [line:46] - INFO: 发现新数据https://m.ds.163.com/article/6956b3c938333e476f96c3a1/插入成功！
2026-01-03 13:51:46,276 - /home/runner/work/sky-auto/sky-auto/api_web.py [line:155] - INFO: 2026-01-03 光遇每日任务标题 保存成功!
2026-01-03 13:51:47,791 - /home/runner/work/sky-auto/sky-auto/main.py [line:46] - INFO: 发现新数据https://m.ds.163.com/article/6957faf938333e476f9a5730/插入成功！
2026-01-03 13:51:47,791 - /home/runner/work/sky-auto/sky-auto/api_web.py [line:155] - INFO: 2026-01-03 光遇每日任务标题 保存成功!
2026-01-03 13:51:47,792 - /home/runner/work/sky-auto/sky-auto/main.py [line:84] - INFO: 处理完成! 新数据条数:9
2026-01-04 00:37:14,135 - /home/runner/work/sky-auto/sky-auto/main.py [line:52] - INFO: 爬取开始ing......
2026-01-04 00:37:15,679 - /home/runner/work/sky-auto/sky-auto/main.py [line:62] - INFO: 共获取到9条链接.
2026-01-04 00:37:16,867 - /home/runner/work/sky-auto/sky-auto/main.py [line:46] - INFO: 发现新数据https://m.ds.163.com/article/694de3b81c7e777c119eb30e/插入成功！
2026-01-04 00:37:16,868 - /home/runner/work/sky-auto/sky-auto/api_web.py [line:155] - INFO: 2026-01-04 光遇每日任务标题 保存成功!
2026-01-04 00:37:18,265 - /home/runner/work/sky-auto/sky-auto/main.py [line:46] - INFO: 发现新数据https://m.ds.163.com/article/694f42e1a3412177a030a2dc/插入成功！
2026-01-04 00:37:18,266 - /home/runner/work/sky-auto/sky-auto/api_web.py [line:155] - INFO: 2026-01-04 光遇每日任务标题 保存成功!
2026-01-04 00:37:19,572 - /home/runner/work/sky-auto/sky-auto/main.py [line:46] - INFO: 发现新数据https://m.ds.163.com/article/69501ec2bf5d676d0fd0ad92/插入成功！
2026-01-04 00:37:19,572 - /home/runner/work/sky-auto/sky-auto/api_web.py [line:155] - INFO: 2026-01-04 光遇每日任务标题 保存成功!
2026-01-04 00:37:20,881 - /home/runner/work/sky-auto/sky-auto/main.py [line:46] - INFO: 发现新数据https://m.ds.163.com/article/69515e215afb1104e7985588/插入成功！
2026-01-04 00:37:20,882 - /home/runner/work/sky-auto/sky-auto/api_web.py [line:155] - INFO: 2026-01-04 光遇每日任务标题 保存成功!
2026-01-04 00:37:22,860 - /home/runner/work/sky-auto/sky-auto/main.py [line:46] - INFO: 发现新数据https://m.ds.163.com/article/6952bdfd980810701957bc0d/插入成功！
2026-01-04 00:37:22,860 - /home/runner/work/sky-auto/sky-auto/api_web.py [line:155] - INFO: 2026-01-04 光遇每日任务标题 保存成功!
2026-01-04 00:37:24,272 - /home/runner/work/sky-auto/sky-auto/main.py [line:46] - INFO: 发现新数据https://m.ds.163.com/article/695408c298ec0d71d7a2ecdc/插入成功！
2026-01-04 00:37:24,272 - /home/runner/work/sky-auto/sky-auto/api_web.py [line:155] - INFO: 2026-01-04 光遇每日任务标题 保存成功!
2026-01-04 00:37:25,457 - /home/runner/work/sky-auto/sky-auto/main.py [line:46] - INFO: 发现新数据https://m.ds.163.com/article/69555c80b5ee0e5bd8851a97/插入成功！
2026-01-04 00:37:25,457 - /home/runner/work/sky-auto/sky-auto/api_web.py [line:155] - INFO: 2026-01-04 光遇每日任务标题 保存成功!
2026-01-04 00:37:26,770 - /home/runner/work/sky-auto/sky-auto/main.py [line:46] - INFO: 发现新数据https://m.ds.163.com/article/6956b3c938333e476f96c3a1/插入成功！
2026-01-04 00:37:26,771 - /home/runner/work/sky-auto/sky-auto/api_web.py [line:155] - INFO: 2026-01-04 光遇每日任务标题 保存成功!
2026-01-04 00:37:28,149 - /home/runner/work/sky-auto/sky-auto/main.py [line:46] - INFO: 发现新数据https://m.ds.163.com/article/6957faf938333e476f9a5730/插入成功！
2026-01-04 00:37:28,149 - /home/runner/work/sky-auto/sky-auto/api_web.py [line:155] - INFO: 2026-01-04 光遇每日任务标题 保存成功!
2026-01-04 00:37:28,149 - /home/runner/work/sky-auto/sky-auto/main.py [line:84] - INFO: 处理完成! 新数据条数:9
2026-01-04 00:54:06,721 - /home/runner/work/sky-auto/sky-auto/main.py [line:52] - INFO: 爬取开始ing......
2026-01-04 00:54:08,146 - /home/runner/work/sky-auto/sky-auto/main.py [line:62] - INFO: 共获取到9条链接.
2026-01-04 00:54:09,426 - /home/runner/work/sky-auto/sky-auto/main.py [line:46] - INFO: 发现新数据https://m.ds.163.com/article/694de3b81c7e777c119eb30e/插入成功！
2026-01-04 00:54:09,426 - /home/runner/work/sky-auto/sky-auto/api_web.py [line:155] - INFO: 2026-01-04 光遇每日任务标题 保存成功!
2026-01-04 00:54:10,699 - /home/runner/work/sky-auto/sky-auto/main.py [line:46] - INFO: 发现新数据https://m.ds.163.com/article/694f42e1a3412177a030a2dc/插入成功！
2026-01-04 00:54:10,699 - /home/runner/work/sky-auto/sky-auto/api_web.py [line:155] - INFO: 2026-01-04 光遇每日任务标题 保存成功!
2026-01-04 00:54:12,010 - /home/runner/work/sky-auto/sky-auto/main.py [line:46] - INFO: 发现新数据https://m.ds.163.com/article/69501ec2bf5d676d0fd0ad92/插入成功！
2026-01-04 00:54:12,010 - /home/runner/work/sky-auto/sky-auto/api_web.py [line:155] - INFO: 2026-01-04 光遇每日任务标题 保存成功!
2026-01-04 00:54:13,590 - /home/runner/work/sky-auto/sky-auto/main.py [line:46] - INFO: 发现新数据https://m.ds.163.com/article/69515e215afb1104e7985588/插入成功！
2026-01-04 00:54:13,590 - /home/runner/work/sky-auto/sky-auto/api_web.py [line:155] - INFO: 2026-01-04 光遇每日任务标题 保存成功!
2026-01-04 00:54:15,006 - /home/runner/work/sky-auto/sky-auto/main.py [line:46] - INFO: 发现新数据https://m.ds.163.com/article/6952bdfd980810701957bc0d/插入成功！
2026-01-04 00:54:15,006 - /home/runner/work/sky-auto/sky-auto/api_web.py [line:155] - INFO: 2026-01-04 光遇每日任务标题 保存成功!
2026-01-04 00:54:16,288 - /home/runner/work/sky-auto/sky-auto/main.py [line:46] - INFO: 发现新数据https://m.ds.163.com/article/695408c298ec0d71d7a2ecdc/插入成功！
2026-01-04 00:54:16,288 - /home/runner/work/sky-auto/sky-auto/api_web.py [line:155] - INFO: 2026-01-04 光遇每日任务标题 保存成功!
2026-01-04 00:54:17,671 - /home/runner/work/sky-auto/sky-auto/main.py [line:46] - INFO: 发现新数据https://m.ds.163.com/article/69555c80b5ee0e5bd8851a97/插入成功！
2026-01-04 00:54:17,672 - /home/runner/work/sky-auto/sky-auto/api_web.py [line:155] - INFO: 2026-01-04 光遇每日任务标题 保存成功!
2026-01-04 00:54:18,947 - /home/runner/work/sky-auto/sky-auto/main.py [line:46] - INFO: 发现新数据https://m.ds.163.com/article/6956b3c938333e476f96c3a1/插入成功！
2026-01-04 00:54:18,947 - /home/runner/work/sky-auto/sky-auto/api_web.py [line:155] - INFO: 2026-01-04 光遇每日任务标题 保存成功!
2026-01-04 00:54:20,339 - /home/runner/work/sky-auto/sky-auto/main.py [line:46] - INFO: 发现新数据https://m.ds.163.com/article/6957faf938333e476f9a5730/插入成功！
2026-01-04 00:54:20,339 - /home/runner/work/sky-auto/sky-auto/api_web.py [line:155] - INFO: 2026-01-04 光遇每日任务标题 保存成功!
2026-01-04 00:54:20,339 - /home/runner/work/sky-auto/sky-auto/main.py [line:84] - INFO: 处理完成! 新数据条数:9
2026-01-04 07:29:25,192 - /home/runner/work/sky-auto/sky-auto/main.py [line:52] - INFO: 爬取开始ing......
2026-01-04 07:29:27,105 - /home/runner/work/sky-auto/sky-auto/main.py [line:62] - INFO: 共获取到9条链接.
2026-01-04 07:29:28,705 - /home/runner/work/sky-auto/sky-auto/main.py [line:46] - INFO: 发现新数据https://m.ds.163.com/article/694de3b81c7e777c119eb30e/插入成功！
2026-01-04 07:29:28,706 - /home/runner/work/sky-auto/sky-auto/api_web.py [line:155] - INFO: 2026-01-04 光遇每日任务标题 保存成功!
2026-01-04 07:29:30,305 - /home/runner/work/sky-auto/sky-auto/main.py [line:46] - INFO: 发现新数据https://m.ds.163.com/article/694f42e1a3412177a030a2dc/插入成功！
2026-01-04 07:29:30,305 - /home/runner/work/sky-auto/sky-auto/api_web.py [line:155] - INFO: 2026-01-04 光遇每日任务标题 保存成功!
2026-01-04 07:29:31,695 - /home/runner/work/sky-auto/sky-auto/main.py [line:46] - INFO: 发现新数据https://m.ds.163.com/article/69501ec2bf5d676d0fd0ad92/插入成功！
2026-01-04 07:29:31,696 - /home/runner/work/sky-auto/sky-auto/api_web.py [line:155] - INFO: 2026-01-04 光遇每日任务标题 保存成功!
2026-01-04 07:29:33,264 - /home/runner/work/sky-auto/sky-auto/main.py [line:46] - INFO: 发现新数据https://m.ds.163.com/article/69515e215afb1104e7985588/插入成功！
2026-01-04 07:29:33,264 - /home/runner/work/sky-auto/sky-auto/api_web.py [line:155] - INFO: 2026-01-04 光遇每日任务标题 保存成功!
2026-01-04 07:29:35,614 - /home/runner/work/sky-auto/sky-auto/main.py [line:46] - INFO: 发现新数据https://m.ds.163.com/article/6952bdfd980810701957bc0d/插入成功！
2026-01-04 07:29:35,614 - /home/runner/work/sky-auto/sky-auto/api_web.py [line:155] - INFO: 2026-01-04 光遇每日任务标题 保存成功!
2026-01-04 07:29:37,147 - /home/runner/work/sky-auto/sky-auto/main.py [line:46] - INFO: 发现新数据https://m.ds.163.com/article/695408c298ec0d71d7a2ecdc/插入成功！
2026-01-04 07:29:37,147 - /home/runner/work/sky-auto/sky-auto/api_web.py [line:155] - INFO: 2026-01-04 光遇每日任务标题 保存成功!
2026-01-04 07:29:38,684 - /home/runner/work/sky-auto/sky-auto/main.py [line:46] - INFO: 发现新数据https://m.ds.163.com/article/69555c80b5ee0e5bd8851a97/插入成功！
2026-01-04 07:29:38,685 - /home/runner/work/sky-auto/sky-auto/api_web.py [line:155] - INFO: 2026-01-04 光遇每日任务标题 保存成功!
2026-01-04 07:29:40,133 - /home/runner/work/sky-auto/sky-auto/main.py [line:46] - INFO: 发现新数据https://m.ds.163.com/article/6956b3c938333e476f96c3a1/插入成功！
2026-01-04 07:29:40,134 - /home/runner/work/sky-auto/sky-auto/api_web.py [line:155] - INFO: 2026-01-04 光遇每日任务标题 保存成功!
2026-01-04 07:29:41,801 - /home/runner/work/sky-auto/sky-auto/main.py [line:46] - INFO: 发现新数据https://m.ds.163.com/article/6957faf938333e476f9a5730/插入成功！
2026-01-04 07:29:41,802 - /home/runner/work/sky-auto/sky-auto/api_web.py [line:155] - INFO: 2026-01-04 光遇每日任务标题 保存成功!
2026-01-04 07:29:41,802 - /home/runner/work/sky-auto/sky-auto/main.py [line:84] - INFO: 处理完成! 新数据条数:9
2026-01-04 07:45:01,754 - /home/runner/work/sky-auto/sky-auto/main.py [line:52] - INFO: 爬取开始ing......
2026-01-04 07:45:03,598 - /home/runner/work/sky-auto/sky-auto/main.py [line:62] - INFO: 共获取到9条链接.
2026-01-04 07:45:05,183 - /home/runner/work/sky-auto/sky-auto/main.py [line:46] - INFO: 发现新数据https://m.ds.163.com/article/694de3b81c7e777c119eb30e/插入成功！
2026-01-04 07:45:05,183 - /home/runner/work/sky-auto/sky-auto/api_web.py [line:155] - INFO: 2026-01-04 光遇每日任务标题 保存成功!
2026-01-04 07:45:06,811 - /home/runner/work/sky-auto/sky-auto/main.py [line:46] - INFO: 发现新数据https://m.ds.163.com/article/694f42e1a3412177a030a2dc/插入成功！
2026-01-04 07:45:06,812 - /home/runner/work/sky-auto/sky-auto/api_web.py [line:155] - INFO: 2026-01-04 光遇每日任务标题 保存成功!
2026-01-04 07:45:08,274 - /home/runner/work/sky-auto/sky-auto/main.py [line:46] - INFO: 发现新数据https://m.ds.163.com/article/69501ec2bf5d676d0fd0ad92/插入成功！
2026-01-04 07:45:08,275 - /home/runner/work/sky-auto/sky-auto/api_web.py [line:155] - INFO: 2026-01-04 光遇每日任务标题 保存成功!
2026-01-04 07:45:09,738 - /home/runner/work/sky-auto/sky-auto/main.py [line:46] - INFO: 发现新数据https://m.ds.163.com/article/69515e215afb1104e7985588/插入成功！
2026-01-04 07:45:09,739 - /home/runner/work/sky-auto/sky-auto/api_web.py [line:155] - INFO: 2026-01-04 光遇每日任务标题 保存成功!
2026-01-04 07:45:11,339 - /home/runner/work/sky-auto/sky-auto/main.py [line:46] - INFO: 发现新数据https://m.ds.163.com/article/6952bdfd980810701957bc0d/插入成功！
2026-01-04 07:45:11,339 - /home/runner/work/sky-auto/sky-auto/api_web.py [line:155] - INFO: 2026-01-04 光遇每日任务标题 保存成功!
2026-01-04 07:45:12,777 - /home/runner/work/sky-auto/sky-auto/main.py [line:46] - INFO: 发现新数据https://m.ds.163.com/article/695408c298ec0d71d7a2ecdc/插入成功！
2026-01-04 07:45:12,777 - /home/runner/work/sky-auto/sky-auto/api_web.py [line:155] - INFO: 2026-01-04 光遇每日任务标题 保存成功!
2026-01-04 07:45:14,236 - /home/runner/work/sky-auto/sky-auto/main.py [line:46] - INFO: 发现新数据https://m.ds.163.com/article/69555c80b5ee0e5bd8851a97/插入成功！
2026-01-04 07:45:14,236 - /home/runner/work/sky-auto/sky-auto/api_web.py [line:155] - INFO: 2026-01-04 光遇每日任务标题 保存成功!
2026-01-04 07:45:15,638 - /home/runner/work/sky-auto/sky-auto/main.py [line:46] - INFO: 发现新数据https://m.ds.163.com/article/6956b3c938333e476f96c3a1/插入成功！
2026-01-04 07:45:15,638 - /home/runner/work/sky-auto/sky-auto/api_web.py [line:155] - INFO: 2026-01-04 光遇每日任务标题 保存成功!
2026-01-04 07:45:17,050 - /home/runner/work/sky-auto/sky-auto/main.py [line:46] - INFO: 发现新数据https://m.ds.163.com/article/6957faf938333e476f9a5730/插入成功！
2026-01-04 07:45:17,051 - /home/runner/work/sky-auto/sky-auto/api_web.py [line:155] - INFO: 2026-01-04 光遇每日任务标题 保存成功!
2026-01-04 07:45:17,051 - /home/runner/work/sky-auto/sky-auto/main.py [line:84] - INFO: 处理完成! 新数据条数:9
